<?xml version="1.0" encoding="UTF-8"?>
<!-- Generated by org.testng.reporters.JUnitReportReporter -->
<testsuite hostname="LAPTOP-CFBNF28H" failures="0" tests="1" name="TestNG.Annotation" time="0.008" errors="0" timestamp="2023-07-17T13:08:19 IST" skipped="0">
  <testcase classname="TestNG.Annotation" name="CreateCustomer" time="0.008">
    <system-out>
      <![CDATA[customer created successfully]]>
    </system-out>
  </testcase> <!-- CreateCustomer -->
  <system-out>
    <![CDATA[database connected
browser is launched
logged in successfully
customer created successfully
logout successfully
browser closed successfully
database disconnected]]>
  </system-out>
</testsuite> <!-- TestNG.Annotation -->
