<?xml version="1.0" encoding="UTF-8"?>
<!-- Generated by org.testng.reporters.JUnitReportReporter -->
<testsuite hostname="LAPTOP-CFBNF28H" failures="0" tests="8" name="TestNG.Cricketer" time="0.030" errors="0" timestamp="2023-07-13T10:47:53 IST" skipped="1">
  <testcase classname="TestNG.Cricketer" name="deleteCustomer" time="0.013">
    <system-out>
      <![CDATA[Krushna]]>
    </system-out>
  </testcase> <!-- deleteCustomer -->
  <testcase classname="TestNG.Cricketer" name="modify" time="0.002">
    <system-out>
      <![CDATA[customer modified]]>
    </system-out>
  </testcase> <!-- modify -->
  <testcase classname="TestNG.Cricketer" name="create_customer" time="0.003">
    <system-out>
      <![CDATA[HI selenium advanced]]>
    </system-out>
  </testcase> <!-- create_customer -->
  <testcase classname="TestNG.Cricketer" name="create_customer" time="0.003">
    <system-out>
      <![CDATA[HI selenium advanced]]>
    </system-out>
  </testcase> <!-- create_customer -->
  <testcase classname="TestNG.Cricketer" name="create_customer" time="0.004">
    <system-out>
      <![CDATA[HI selenium advanced]]>
    </system-out>
  </testcase> <!-- create_customer -->
  <testcase classname="TestNG.Cricketer" name="create_customer" time="0.002">
    <system-out>
      <![CDATA[HI selenium advanced]]>
    </system-out>
  </testcase> <!-- create_customer -->
  <testcase classname="TestNG.Cricketer" name="create_customer" time="0.003">
    <system-out>
      <![CDATA[HI selenium advanced]]>
    </system-out>
  </testcase> <!-- create_customer -->
  <testcase classname="TestNG.Cricketer" name="modifyCustomer">
    <skipped/>
  </testcase> <!-- modifyCustomer -->
  <system-out>
    <![CDATA[Krushna
customer modified
HI selenium advanced
HI selenium advanced
HI selenium advanced
HI selenium advanced
HI selenium advanced
Krushna
customer modified
HI selenium advanced
HI selenium advanced
HI selenium advanced
HI selenium advanced
HI selenium advanced
Krushna
customer modified
Krushna
customer modified
HI selenium advanced
HI selenium advanced
HI selenium advanced
HI selenium advanced
HI selenium advanced]]>
  </system-out>
</testsuite> <!-- TestNG.Cricketer -->
