<?xml version="1.0" encoding="UTF-8"?>
<!-- Generated by org.testng.reporters.JUnitReportReporter -->
<testsuite hostname="LAPTOP-CFBNF28H" failures="0" tests="1" name="TestNG.TitleCompareSoftAssert" time="4.634" errors="0" timestamp="2023-07-17T12:07:50 IST" skipped="0">
  <testcase classname="TestNG.TitleCompareSoftAssert" name="titlecompare" time="4.634"/>
</testsuite> <!-- TestNG.TitleCompareSoftAssert -->
