<?xml version="1.0" encoding="UTF-8"?>
<!-- Generated by org.testng.reporters.JUnitReportReporter -->
<testsuite hostname="LAPTOP-CFBNF28H" failures="0" tests="1" name="TestNG.TitleCompareAssertIfElse" time="4.398" errors="0" timestamp="2023-07-17T11:47:56 IST" skipped="0">
  <testcase classname="TestNG.TitleCompareAssertIfElse" name="titlecompare" time="4.398">
    <system-out>
      <![CDATA[title is not matching]]>
    </system-out>
  </testcase> <!-- titlecompare -->
  <system-out>
    <![CDATA[title is not matching]]>
  </system-out>
</testsuite> <!-- TestNG.TitleCompareAssertIfElse -->
