<?xml version="1.0" encoding="UTF-8"?>
<!-- Generated by org.testng.reporters.JUnitReportReporter -->
<testsuite hostname="LAPTOP-CFBNF28H" failures="0" tests="1" name="ObjectRepositoryPOM.ActitimeLogin" time="14.811" errors="0" timestamp="2023-07-21T12:30:12 IST" skipped="0">
  <testcase classname="ObjectRepositoryPOM.ActitimeLogin" name="actitimelogin" time="14.811"/>
</testsuite> <!-- ObjectRepositoryPOM.ActitimeLogin -->
