<?xml version="1.0" encoding="UTF-8"?>
<!-- Generated by org.testng.reporters.JUnitReportReporter -->
<testsuite hostname="LAPTOP-CFBNF28H" failures="0" tests="2" name="TestNG.Mumbai" time="19.624" errors="0" timestamp="2023-07-17T14:15:19 IST" skipped="0">
  <testcase classname="TestNG.Mumbai" name="Dhoni" time="14.755">
    <system-out>
      <![CDATA[captain cool]]>
    </system-out>
  </testcase> <!-- Dhoni -->
  <testcase classname="TestNG.Mumbai" name="Mayanagari" time="4.869">
    <system-out>
      <![CDATA[Mumbai is dream city]]>
    </system-out>
  </testcase> <!-- Mayanagari -->
  <system-out>
    <![CDATA[database connected
browser is launched
logged in successfully
captain cool
logout successfully
logged in successfully
Mumbai is dream city
logout successfully
browser closed successfully
database disconnected]]>
  </system-out>
</testsuite> <!-- TestNG.Mumbai -->
